2020-07-10 08:55:19,473 INFO  [org.jboss.modules] (main) JBoss Modules version 1.5.1.Final-redhat-1
2020-07-10 08:55:20,098 INFO  [org.jboss.msc] (main) JBoss MSC version 1.2.6.Final-redhat-1
2020-07-10 08:55:20,265 INFO  [org.jboss.as] (MSC service thread 1-7) WFLYSRV0049: JBoss EAP 7.0.0.GA (WildFly Core 2.1.2.Final-redhat-1) starting
2020-07-10 08:55:20,269 DEBUG [org.jboss.as.config] (MSC service thread 1-7) Configured system properties:
	awt.toolkit = sun.awt.windows.WToolkit
	file.encoding = Cp1252
	file.encoding.pkg = sun.io
	file.separator = \
	java.awt.graphicsenv = sun.awt.Win32GraphicsEnvironment
	java.awt.printerjob = sun.awt.windows.WPrinterJob
	java.class.path = D:\JOB\Dokumentasi\Research Azure\jboss-azure-template\bin\jboss-eap-7.0\jboss-modules.jar
	java.class.version = 52.0
	java.endorsed.dirs = C:\Program Files\Java\jdk1.8.0_181\jre\lib\endorsed
	java.ext.dirs = C:\Program Files\Java\jdk1.8.0_181\jre\lib\ext;C:\windows\Sun\Java\lib\ext
	java.home = C:\Program Files\Java\jdk1.8.0_181\jre
	java.io.tmpdir = C:\Users\User\AppData\Local\Temp\
	java.library.path = C:\Program Files\Java\jdk1.8.0_181\bin;C:\windows\Sun\Java\bin;C:\windows\system32;C:\windows;C:\Program Files (x86)\Common Files\Oracle\Java\javapath;C:\windows\system32;C:\windows;C:\windows\System32\Wbem;C:\windows\System32\WindowsPowerShell\v1.0\;C:\windows\System32\OpenSSH\;C:\Program Files (x86)\NVIDIA Corporation\PhysX\Common;C:\Program Files\NVIDIA Corporation\NVIDIA NvDLISR;C:\Program Files\Git\cmd;C:\Program Files\Java\jdk1.8.0_181\bin;C:\apache-maven-3.6.3\bin;C:\Program Files (x86)\Microsoft SQL Server\150\DTS\Binn\;C:\Program Files (x86)\Microsoft SQL Server\Client SDK\ODBC\110\Tools\Binn\;C:\Program Files (x86)\Microsoft SQL Server\120\Tools\Binn\ManagementStudio\;C:\Program Files (x86)\Microsoft SQL Server\120\Tools\Binn\;C:\Program Files (x86)\Microsoft SQL Server\120\DTS\Binn\;C:\Users\User\AppData\Local\Microsoft\WindowsApps;;.
	java.net.preferIPv4Stack = true
	java.runtime.name = Java(TM) SE Runtime Environment
	java.runtime.version = 1.8.0_181-b13
	java.specification.name = Java Platform API Specification
	java.specification.vendor = Oracle Corporation
	java.specification.version = 1.8
	java.util.logging.manager = org.jboss.logmanager.LogManager
	java.vendor = Oracle Corporation
	java.vendor.url = http://java.oracle.com/
	java.vendor.url.bug = http://bugreport.sun.com/bugreport/
	java.version = 1.8.0_181
	java.vm.info = mixed mode
	java.vm.name = Java HotSpot(TM) 64-Bit Server VM
	java.vm.specification.name = Java Virtual Machine Specification
	java.vm.specification.vendor = Oracle Corporation
	java.vm.specification.version = 1.8
	java.vm.vendor = Oracle Corporation
	java.vm.version = 25.181-b13
	javax.management.builder.initial = org.jboss.as.jmx.PluggableMBeanServerBuilder
	javax.xml.datatype.DatatypeFactory = __redirected.__DatatypeFactory
	javax.xml.parsers.DocumentBuilderFactory = __redirected.__DocumentBuilderFactory
	javax.xml.parsers.SAXParserFactory = __redirected.__SAXParserFactory
	javax.xml.stream.XMLEventFactory = __redirected.__XMLEventFactory
	javax.xml.stream.XMLInputFactory = __redirected.__XMLInputFactory
	javax.xml.stream.XMLOutputFactory = __redirected.__XMLOutputFactory
	javax.xml.transform.TransformerFactory = __redirected.__TransformerFactory
	javax.xml.validation.SchemaFactory:http://www.w3.org/2001/XMLSchema = __redirected.__SchemaFactory
	javax.xml.xpath.XPathFactory:http://java.sun.com/jaxp/xpath/dom = __redirected.__XPathFactory
	jboss.home.dir = D:\JOB\Dokumentasi\Research Azure\jboss-azure-template\bin\jboss-eap-7.0
	jboss.host.name = ajd-01191650-n2
	jboss.modules.dir = D:\JOB\Dokumentasi\Research Azure\jboss-azure-template\bin\jboss-eap-7.0\modules
	jboss.modules.system.pkgs = org.jboss.byteman
	jboss.node.name = ajd-01191650-n2
	jboss.qualified.host.name = ajd-01191650-n2
	jboss.server.base.dir = D:\JOB\Dokumentasi\Research Azure\jboss-azure-template\bin\jboss-eap-7.0\standalone
	jboss.server.config.dir = D:\JOB\Dokumentasi\Research Azure\jboss-azure-template\bin\jboss-eap-7.0\standalone\configuration
	jboss.server.data.dir = D:\JOB\Dokumentasi\Research Azure\jboss-azure-template\bin\jboss-eap-7.0\standalone\data
	jboss.server.deploy.dir = D:\JOB\Dokumentasi\Research Azure\jboss-azure-template\bin\jboss-eap-7.0\standalone\data\content
	jboss.server.log.dir = D:\JOB\Dokumentasi\Research Azure\jboss-azure-template\bin\jboss-eap-7.0\standalone\log
	jboss.server.name = ajd-01191650-n2
	jboss.server.persist.config = true
	jboss.server.temp.dir = D:\JOB\Dokumentasi\Research Azure\jboss-azure-template\bin\jboss-eap-7.0\standalone\tmp
	line.separator = 

	logging.configuration = file:D:\JOB\Dokumentasi\Research Azure\jboss-azure-template\bin\jboss-eap-7.0\standalone\configuration/logging.properties
	module.path = D:\JOB\Dokumentasi\Research Azure\jboss-azure-template\bin\jboss-eap-7.0\modules
	org.jboss.boot.log.file = D:\JOB\Dokumentasi\Research Azure\jboss-azure-template\bin\jboss-eap-7.0\standalone\log\server.log
	org.jboss.resolver.warning = true
	org.xml.sax.driver = __redirected.__XMLReaderFactory
	os.arch = amd64
	os.name = Windows 10
	os.version = 10.0
	path.separator = ;
	program.name = standalone.bat
	sun.arch.data.model = 64
	sun.boot.class.path = C:\Program Files\Java\jdk1.8.0_181\jre\lib\resources.jar;C:\Program Files\Java\jdk1.8.0_181\jre\lib\rt.jar;C:\Program Files\Java\jdk1.8.0_181\jre\lib\sunrsasign.jar;C:\Program Files\Java\jdk1.8.0_181\jre\lib\jsse.jar;C:\Program Files\Java\jdk1.8.0_181\jre\lib\jce.jar;C:\Program Files\Java\jdk1.8.0_181\jre\lib\charsets.jar;C:\Program Files\Java\jdk1.8.0_181\jre\lib\jfr.jar;C:\Program Files\Java\jdk1.8.0_181\jre\classes
	sun.boot.library.path = C:\Program Files\Java\jdk1.8.0_181\jre\bin
	sun.cpu.endian = little
	sun.cpu.isalist = amd64
	sun.desktop = windows
	sun.io.unicode.encoding = UnicodeLittle
	sun.java.command = D:\JOB\Dokumentasi\Research Azure\jboss-azure-template\bin\jboss-eap-7.0\jboss-modules.jar -mp D:\JOB\Dokumentasi\Research Azure\jboss-azure-template\bin\jboss-eap-7.0\modules org.jboss.as.standalone -Djboss.home.dir=D:\JOB\Dokumentasi\Research Azure\jboss-azure-template\bin\jboss-eap-7.0
	sun.java.launcher = SUN_STANDARD
	sun.jnu.encoding = Cp1252
	sun.management.compiler = HotSpot 64-Bit Tiered Compilers
	sun.os.patch.level = 
	sun.stderr.encoding = cp437
	sun.stdout.encoding = cp437
	user.country = ID
	user.dir = D:\JOB\Dokumentasi\Research Azure\jboss-azure-template\bin\jboss-eap-7.0\bin
	user.home = C:\Users\User
	user.language = en
	user.name = User
	user.script = 
	user.timezone = Asia/Bangkok
	user.variant = 
2020-07-10 08:55:20,271 DEBUG [org.jboss.as.config] (MSC service thread 1-7) VM Arguments: -Xloggc:D:\JOB\Dokumentasi\Research Azure\jboss-azure-template\bin\jboss-eap-7.0\standalone\log\gc.log -verbose:gc -XX:+PrintGCDetails -XX:+PrintGCDateStamps -XX:+UseGCLogFileRotation -XX:NumberOfGCLogFiles=5 -XX:GCLogFileSize=3M -XX:-TraceClassUnloading -Dprogram.name=standalone.bat -Xms1G -Xmx1G -XX:MetaspaceSize=96M -XX:MaxMetaspaceSize=256m -Djava.net.preferIPv4Stack=true -Djboss.modules.system.pkgs=org.jboss.byteman -Dorg.jboss.boot.log.file=D:\JOB\Dokumentasi\Research Azure\jboss-azure-template\bin\jboss-eap-7.0\standalone\log\server.log -Dlogging.configuration=file:D:\JOB\Dokumentasi\Research Azure\jboss-azure-template\bin\jboss-eap-7.0\standalone\configuration/logging.properties 
2020-07-10 08:55:21,195 INFO  [org.jboss.as.server] (Controller Boot Thread) WFLYSRV0039: Creating http management service using socket-binding (management-http)
2020-07-10 08:55:21,210 INFO  [org.xnio] (MSC service thread 1-4) XNIO version 3.3.6.Final-redhat-1
2020-07-10 08:55:21,216 INFO  [org.xnio.nio] (MSC service thread 1-4) XNIO NIO Implementation Version 3.3.6.Final-redhat-1
2020-07-10 08:55:21,251 WARN  [org.jboss.as.txn] (ServerService Thread Pool -- 54) WFLYTX0013: Node identifier property is set to the default value. Please make sure it is unique.
2020-07-10 08:55:21,251 INFO  [org.jboss.as.clustering.infinispan] (ServerService Thread Pool -- 38) WFLYCLINF0001: Activating Infinispan subsystem.
2020-07-10 08:55:21,257 INFO  [org.jboss.as.security] (ServerService Thread Pool -- 53) WFLYSEC0002: Activating Security Subsystem
2020-07-10 08:55:21,261 INFO  [org.wildfly.extension.io] (ServerService Thread Pool -- 37) WFLYIO001: Worker 'default' has auto-configured to 24 core threads with 192 task threads based on your 12 available processors
2020-07-10 08:55:21,266 INFO  [org.jboss.as.webservices] (ServerService Thread Pool -- 56) WFLYWS0002: Activating WebServices Extension
2020-07-10 08:55:21,266 INFO  [org.jboss.as.naming] (ServerService Thread Pool -- 46) WFLYNAM0001: Activating Naming Subsystem
2020-07-10 08:55:21,267 INFO  [org.jboss.as.security] (MSC service thread 1-1) WFLYSEC0001: Current PicketBox version=4.9.6.Final-redhat-1
2020-07-10 08:55:21,269 INFO  [org.jboss.as.jsf] (ServerService Thread Pool -- 44) WFLYJSF0007: Activated the following JSF Implementations: [main]
2020-07-10 08:55:21,282 INFO  [org.jboss.as.connector] (MSC service thread 1-3) WFLYJCA0009: Starting JCA Subsystem (WildFly/IronJacamar 1.3.3.Final-redhat-1)
2020-07-10 08:55:21,284 INFO  [org.wildfly.extension.undertow] (MSC service thread 1-2) WFLYUT0003: Undertow 1.3.21.Final-redhat-1 starting
2020-07-10 08:55:21,284 INFO  [org.wildfly.extension.undertow] (ServerService Thread Pool -- 55) WFLYUT0003: Undertow 1.3.21.Final-redhat-1 starting
2020-07-10 08:55:21,304 INFO  [org.jboss.as.connector.subsystems.datasources] (ServerService Thread Pool -- 33) WFLYJCA0004: Deploying JDBC-compliant driver class org.h2.Driver (version 1.3)
2020-07-10 08:55:21,308 INFO  [org.jboss.as.connector.deployers.jdbc] (MSC service thread 1-1) WFLYJCA0018: Started Driver service with driver-name = h2
2020-07-10 08:55:21,327 INFO  [org.jboss.as.naming] (MSC service thread 1-2) WFLYNAM0003: Starting Naming Service
2020-07-10 08:55:21,327 INFO  [org.jboss.as.mail.extension] (MSC service thread 1-4) WFLYMAIL0001: Bound mail session [java:jboss/mail/Default]
2020-07-10 08:55:21,347 INFO  [org.jboss.remoting] (MSC service thread 1-1) JBoss Remoting version 4.0.18.Final-redhat-1
2020-07-10 08:55:21,367 INFO  [org.wildfly.extension.undertow] (ServerService Thread Pool -- 55) WFLYUT0014: Creating file handler for path 'D:\JOB\Dokumentasi\Research Azure\jboss-azure-template\bin\jboss-eap-7.0/welcome-content' with options [directory-listing: 'false', follow-symlink: 'false', case-sensitive: 'true', safe-symlink-paths: '[]']
2020-07-10 08:55:21,389 INFO  [org.wildfly.extension.undertow] (MSC service thread 1-4) WFLYUT0012: Started server default-server.
2020-07-10 08:55:21,390 INFO  [org.wildfly.extension.undertow] (MSC service thread 1-5) WFLYUT0018: Host default-host starting
2020-07-10 08:55:21,418 INFO  [org.jboss.as.ejb3] (MSC service thread 1-3) WFLYEJB0481: Strict pool slsb-strict-max-pool is using a max instance size of 192 (per class), which is derived from thread worker pool sizing.
2020-07-10 08:55:21,418 INFO  [org.jboss.as.ejb3] (MSC service thread 1-7) WFLYEJB0482: Strict pool mdb-strict-max-pool is using a max instance size of 48 (per class), which is derived from the number of CPUs on this host.
2020-07-10 08:55:21,421 INFO  [org.jboss.as.connector.subsystems.datasources] (ServerService Thread Pool -- 33) WFLYJCA0004: Deploying JDBC-compliant driver class oracle.jdbc.OracleDriver (version 12.1)
2020-07-10 08:55:21,422 INFO  [org.jboss.as.connector.deployers.jdbc] (MSC service thread 1-4) WFLYJCA0018: Started Driver service with driver-name = Oracle12c
2020-07-10 08:55:21,440 INFO  [org.jboss.as.connector.subsystems.datasources] (ServerService Thread Pool -- 33) WFLYJCA0005: Deploying non-JDBC-compliant driver class org.postgresql.Driver (version 9.3)
2020-07-10 08:55:21,441 INFO  [org.jboss.as.connector.deployers.jdbc] (MSC service thread 1-7) WFLYJCA0018: Started Driver service with driver-name = Postgres
2020-07-10 08:55:21,555 INFO  [org.jboss.as.server.deployment.scanner] (MSC service thread 1-5) WFLYDS0013: Started FileSystemDeploymentService for directory D:\JOB\Dokumentasi\Research Azure\jboss-azure-template\bin\jboss-eap-7.0\standalone\deployments
2020-07-10 08:55:21,657 INFO  [org.infinispan.factories.GlobalComponentRegistry] (MSC service thread 1-1) ISPN000128: Infinispan version: Infinispan 'Mahou' 8.1.2.Final-redhat-1
2020-07-10 08:55:21,763 INFO  [org.wildfly.extension.undertow] (MSC service thread 1-4) WFLYUT0006: Undertow HTTP listener default listening on 127.0.0.1:8080
2020-07-10 08:55:21,838 INFO  [org.jboss.as.connector.subsystems.datasources] (MSC service thread 1-7) WFLYJCA0001: Bound data source [java:jboss/datasources/ExampleDS]
2020-07-10 08:55:21,906 INFO  [org.jboss.ws.common.management] (MSC service thread 1-5) JBWS022052: Starting JBossWS 5.1.3.SP1-redhat-1 (Apache CXF 3.1.4.redhat-1) 
2020-07-10 08:55:21,993 INFO  [org.jboss.as] (Controller Boot Thread) WFLYSRV0060: Http management interface listening on http://127.0.0.1:9990/management
2020-07-10 08:55:21,993 INFO  [org.jboss.as] (Controller Boot Thread) WFLYSRV0051: Admin console listening on http://127.0.0.1:9990
2020-07-10 08:55:21,994 INFO  [org.jboss.as] (Controller Boot Thread) WFLYSRV0025: JBoss EAP 7.0.0.GA (WildFly Core 2.1.2.Final-redhat-1) started in 3259ms - Started 269 of 555 services (371 services are lazy, passive or on-demand)
2020-07-10 08:55:47,309 INFO  [org.jboss.as.server] (Thread-2) WFLYSRV0220: Server shutdown has been requested.
2020-07-10 08:55:47,325 INFO  [org.jboss.as.connector.deployers.jdbc] (MSC service thread 1-8) WFLYJCA0019: Stopped Driver service with driver-name = Postgres
2020-07-10 08:55:47,326 INFO  [org.jboss.as.connector.deployers.jdbc] (MSC service thread 1-1) WFLYJCA0019: Stopped Driver service with driver-name = Oracle12c
2020-07-10 08:55:47,330 INFO  [org.jboss.as.connector.subsystems.datasources] (MSC service thread 1-8) WFLYJCA0010: Unbound data source [java:jboss/datasources/ExampleDS]
2020-07-10 08:55:47,340 INFO  [org.wildfly.extension.undertow] (MSC service thread 1-3) WFLYUT0019: Host default-host stopping
2020-07-10 08:55:47,348 INFO  [org.jboss.as.connector.deployers.jdbc] (MSC service thread 1-5) WFLYJCA0019: Stopped Driver service with driver-name = h2
2020-07-10 08:55:47,349 INFO  [org.wildfly.extension.undertow] (MSC service thread 1-2) WFLYUT0008: Undertow HTTP listener default suspending
2020-07-10 08:55:47,359 INFO  [org.wildfly.extension.undertow] (MSC service thread 1-2) WFLYUT0007: Undertow HTTP listener default stopped, was bound to 127.0.0.1:8080
2020-07-10 08:55:47,363 INFO  [org.wildfly.extension.undertow] (MSC service thread 1-1) WFLYUT0004: Undertow 1.3.21.Final-redhat-1 stopping
2020-07-10 08:55:47,383 INFO  [org.jboss.as] (MSC service thread 1-1) WFLYSRV0050: JBoss EAP 7.0.0.GA (WildFly Core 2.1.2.Final-redhat-1) stopped in 60ms
2020-07-10 08:56:37,127 INFO  [org.jboss.modules] (main) JBoss Modules version 1.5.1.Final-redhat-1
2020-07-10 08:56:37,442 INFO  [org.jboss.msc] (main) JBoss MSC version 1.2.6.Final-redhat-1
2020-07-10 08:56:37,542 INFO  [org.jboss.as] (MSC service thread 1-7) WFLYSRV0049: JBoss EAP 7.0.0.GA (WildFly Core 2.1.2.Final-redhat-1) starting
2020-07-10 08:56:37,544 DEBUG [org.jboss.as.config] (MSC service thread 1-7) Configured system properties:
	awt.toolkit = sun.awt.windows.WToolkit
	file.encoding = Cp1252
	file.encoding.pkg = sun.io
	file.separator = \
	java.awt.graphicsenv = sun.awt.Win32GraphicsEnvironment
	java.awt.printerjob = sun.awt.windows.WPrinterJob
	java.class.path = D:\JOB\Dokumentasi\Research Azure\jboss-azure-template\bin\jboss-eap-7.0\jboss-modules.jar
	java.class.version = 52.0
	java.endorsed.dirs = C:\Program Files\Java\jdk1.8.0_181\jre\lib\endorsed
	java.ext.dirs = C:\Program Files\Java\jdk1.8.0_181\jre\lib\ext;C:\windows\Sun\Java\lib\ext
	java.home = C:\Program Files\Java\jdk1.8.0_181\jre
	java.io.tmpdir = C:\Users\User\AppData\Local\Temp\
	java.library.path = C:\Program Files\Java\jdk1.8.0_181\bin;C:\windows\Sun\Java\bin;C:\windows\system32;C:\windows;C:\Program Files (x86)\Common Files\Oracle\Java\javapath;C:\windows\system32;C:\windows;C:\windows\System32\Wbem;C:\windows\System32\WindowsPowerShell\v1.0\;C:\windows\System32\OpenSSH\;C:\Program Files (x86)\NVIDIA Corporation\PhysX\Common;C:\Program Files\NVIDIA Corporation\NVIDIA NvDLISR;C:\Program Files\Git\cmd;C:\Program Files\Java\jdk1.8.0_181\bin;C:\apache-maven-3.6.3\bin;C:\Program Files (x86)\Microsoft SQL Server\150\DTS\Binn\;C:\Program Files (x86)\Microsoft SQL Server\Client SDK\ODBC\110\Tools\Binn\;C:\Program Files (x86)\Microsoft SQL Server\120\Tools\Binn\ManagementStudio\;C:\Program Files (x86)\Microsoft SQL Server\120\Tools\Binn\;C:\Program Files (x86)\Microsoft SQL Server\120\DTS\Binn\;C:\Users\User\AppData\Local\Microsoft\WindowsApps;;.
	java.net.preferIPv4Stack = true
	java.runtime.name = Java(TM) SE Runtime Environment
	java.runtime.version = 1.8.0_181-b13
	java.specification.name = Java Platform API Specification
	java.specification.vendor = Oracle Corporation
	java.specification.version = 1.8
	java.util.logging.manager = org.jboss.logmanager.LogManager
	java.vendor = Oracle Corporation
	java.vendor.url = http://java.oracle.com/
	java.vendor.url.bug = http://bugreport.sun.com/bugreport/
	java.version = 1.8.0_181
	java.vm.info = mixed mode
	java.vm.name = Java HotSpot(TM) 64-Bit Server VM
	java.vm.specification.name = Java Virtual Machine Specification
	java.vm.specification.vendor = Oracle Corporation
	java.vm.specification.version = 1.8
	java.vm.vendor = Oracle Corporation
	java.vm.version = 25.181-b13
	javax.management.builder.initial = org.jboss.as.jmx.PluggableMBeanServerBuilder
	javax.xml.datatype.DatatypeFactory = __redirected.__DatatypeFactory
	javax.xml.parsers.DocumentBuilderFactory = __redirected.__DocumentBuilderFactory
	javax.xml.parsers.SAXParserFactory = __redirected.__SAXParserFactory
	javax.xml.stream.XMLEventFactory = __redirected.__XMLEventFactory
	javax.xml.stream.XMLInputFactory = __redirected.__XMLInputFactory
	javax.xml.stream.XMLOutputFactory = __redirected.__XMLOutputFactory
	javax.xml.transform.TransformerFactory = __redirected.__TransformerFactory
	javax.xml.validation.SchemaFactory:http://www.w3.org/2001/XMLSchema = __redirected.__SchemaFactory
	javax.xml.xpath.XPathFactory:http://java.sun.com/jaxp/xpath/dom = __redirected.__XPathFactory
	jboss.home.dir = D:\JOB\Dokumentasi\Research Azure\jboss-azure-template\bin\jboss-eap-7.0
	jboss.host.name = ajd-01191650-n2
	jboss.modules.dir = D:\JOB\Dokumentasi\Research Azure\jboss-azure-template\bin\jboss-eap-7.0\modules
	jboss.modules.system.pkgs = org.jboss.byteman
	jboss.node.name = ajd-01191650-n2
	jboss.qualified.host.name = ajd-01191650-n2
	jboss.server.base.dir = D:\JOB\Dokumentasi\Research Azure\jboss-azure-template\bin\jboss-eap-7.0\standalone
	jboss.server.config.dir = D:\JOB\Dokumentasi\Research Azure\jboss-azure-template\bin\jboss-eap-7.0\standalone\configuration
	jboss.server.data.dir = D:\JOB\Dokumentasi\Research Azure\jboss-azure-template\bin\jboss-eap-7.0\standalone\data
	jboss.server.deploy.dir = D:\JOB\Dokumentasi\Research Azure\jboss-azure-template\bin\jboss-eap-7.0\standalone\data\content
	jboss.server.log.dir = D:\JOB\Dokumentasi\Research Azure\jboss-azure-template\bin\jboss-eap-7.0\standalone\log
	jboss.server.name = ajd-01191650-n2
	jboss.server.persist.config = true
	jboss.server.temp.dir = D:\JOB\Dokumentasi\Research Azure\jboss-azure-template\bin\jboss-eap-7.0\standalone\tmp
	line.separator = 

	logging.configuration = file:D:\JOB\Dokumentasi\Research Azure\jboss-azure-template\bin\jboss-eap-7.0\standalone\configuration/logging.properties
	module.path = D:\JOB\Dokumentasi\Research Azure\jboss-azure-template\bin\jboss-eap-7.0\modules
	org.jboss.boot.log.file = D:\JOB\Dokumentasi\Research Azure\jboss-azure-template\bin\jboss-eap-7.0\standalone\log\server.log
	org.jboss.resolver.warning = true
	org.xml.sax.driver = __redirected.__XMLReaderFactory
	os.arch = amd64
	os.name = Windows 10
	os.version = 10.0
	path.separator = ;
	program.name = standalone.bat
	sun.arch.data.model = 64
	sun.boot.class.path = C:\Program Files\Java\jdk1.8.0_181\jre\lib\resources.jar;C:\Program Files\Java\jdk1.8.0_181\jre\lib\rt.jar;C:\Program Files\Java\jdk1.8.0_181\jre\lib\sunrsasign.jar;C:\Program Files\Java\jdk1.8.0_181\jre\lib\jsse.jar;C:\Program Files\Java\jdk1.8.0_181\jre\lib\jce.jar;C:\Program Files\Java\jdk1.8.0_181\jre\lib\charsets.jar;C:\Program Files\Java\jdk1.8.0_181\jre\lib\jfr.jar;C:\Program Files\Java\jdk1.8.0_181\jre\classes
	sun.boot.library.path = C:\Program Files\Java\jdk1.8.0_181\jre\bin
	sun.cpu.endian = little
	sun.cpu.isalist = amd64
	sun.desktop = windows
	sun.io.unicode.encoding = UnicodeLittle
	sun.java.command = D:\JOB\Dokumentasi\Research Azure\jboss-azure-template\bin\jboss-eap-7.0\jboss-modules.jar -mp D:\JOB\Dokumentasi\Research Azure\jboss-azure-template\bin\jboss-eap-7.0\modules org.jboss.as.standalone -Djboss.home.dir=D:\JOB\Dokumentasi\Research Azure\jboss-azure-template\bin\jboss-eap-7.0
	sun.java.launcher = SUN_STANDARD
	sun.jnu.encoding = Cp1252
	sun.management.compiler = HotSpot 64-Bit Tiered Compilers
	sun.os.patch.level = 
	sun.stderr.encoding = cp437
	sun.stdout.encoding = cp437
	user.country = ID
	user.dir = D:\JOB\Dokumentasi\Research Azure\jboss-azure-template\bin\jboss-eap-7.0\bin
	user.home = C:\Users\User
	user.language = en
	user.name = User
	user.script = 
	user.timezone = Asia/Bangkok
	user.variant = 
2020-07-10 08:56:37,545 DEBUG [org.jboss.as.config] (MSC service thread 1-7) VM Arguments: -Xloggc:D:\JOB\Dokumentasi\Research Azure\jboss-azure-template\bin\jboss-eap-7.0\standalone\log\gc.log -verbose:gc -XX:+PrintGCDetails -XX:+PrintGCDateStamps -XX:+UseGCLogFileRotation -XX:NumberOfGCLogFiles=5 -XX:GCLogFileSize=3M -XX:-TraceClassUnloading -Dprogram.name=standalone.bat -Xms1G -Xmx1G -XX:MetaspaceSize=96M -XX:MaxMetaspaceSize=256m -Djava.net.preferIPv4Stack=true -Djboss.modules.system.pkgs=org.jboss.byteman -Dorg.jboss.boot.log.file=D:\JOB\Dokumentasi\Research Azure\jboss-azure-template\bin\jboss-eap-7.0\standalone\log\server.log -Dlogging.configuration=file:D:\JOB\Dokumentasi\Research Azure\jboss-azure-template\bin\jboss-eap-7.0\standalone\configuration/logging.properties 
2020-07-10 08:56:38,462 INFO  [org.jboss.as.server] (Controller Boot Thread) WFLYSRV0039: Creating http management service using socket-binding (management-http)
2020-07-10 08:56:38,481 INFO  [org.xnio] (MSC service thread 1-3) XNIO version 3.3.6.Final-redhat-1
2020-07-10 08:56:38,488 INFO  [org.xnio.nio] (MSC service thread 1-3) XNIO NIO Implementation Version 3.3.6.Final-redhat-1
2020-07-10 08:56:38,510 WARN  [org.jboss.as.txn] (ServerService Thread Pool -- 54) WFLYTX0013: Node identifier property is set to the default value. Please make sure it is unique.
2020-07-10 08:56:38,513 INFO  [org.wildfly.extension.io] (ServerService Thread Pool -- 37) WFLYIO001: Worker 'default' has auto-configured to 24 core threads with 192 task threads based on your 12 available processors
2020-07-10 08:56:38,525 INFO  [org.jboss.as.webservices] (ServerService Thread Pool -- 56) WFLYWS0002: Activating WebServices Extension
2020-07-10 08:56:38,525 INFO  [org.jboss.as.clustering.infinispan] (ServerService Thread Pool -- 38) WFLYCLINF0001: Activating Infinispan subsystem.
2020-07-10 08:56:38,526 INFO  [org.jboss.as.naming] (ServerService Thread Pool -- 46) WFLYNAM0001: Activating Naming Subsystem
2020-07-10 08:56:38,526 INFO  [org.jboss.as.jsf] (ServerService Thread Pool -- 44) WFLYJSF0007: Activated the following JSF Implementations: [main]
2020-07-10 08:56:38,534 INFO  [org.jboss.as.security] (ServerService Thread Pool -- 53) WFLYSEC0002: Activating Security Subsystem
2020-07-10 08:56:38,545 INFO  [org.jboss.as.security] (MSC service thread 1-6) WFLYSEC0001: Current PicketBox version=4.9.6.Final-redhat-1
2020-07-10 08:56:38,552 INFO  [org.jboss.as.connector] (MSC service thread 1-4) WFLYJCA0009: Starting JCA Subsystem (WildFly/IronJacamar 1.3.3.Final-redhat-1)
2020-07-10 08:56:38,561 INFO  [org.wildfly.extension.undertow] (ServerService Thread Pool -- 55) WFLYUT0003: Undertow 1.3.21.Final-redhat-1 starting
2020-07-10 08:56:38,561 INFO  [org.wildfly.extension.undertow] (MSC service thread 1-1) WFLYUT0003: Undertow 1.3.21.Final-redhat-1 starting
2020-07-10 08:56:38,570 INFO  [org.jboss.as.naming] (MSC service thread 1-5) WFLYNAM0003: Starting Naming Service
2020-07-10 08:56:38,570 INFO  [org.jboss.as.connector.subsystems.datasources] (ServerService Thread Pool -- 33) WFLYJCA0004: Deploying JDBC-compliant driver class org.h2.Driver (version 1.3)
2020-07-10 08:56:38,570 INFO  [org.jboss.as.mail.extension] (MSC service thread 1-1) WFLYMAIL0001: Bound mail session [java:jboss/mail/Default]
2020-07-10 08:56:38,574 INFO  [org.jboss.as.connector.deployers.jdbc] (MSC service thread 1-1) WFLYJCA0018: Started Driver service with driver-name = h2
2020-07-10 08:56:38,627 INFO  [org.wildfly.extension.undertow] (ServerService Thread Pool -- 55) WFLYUT0014: Creating file handler for path 'D:\JOB\Dokumentasi\Research Azure\jboss-azure-template\bin\jboss-eap-7.0/welcome-content' with options [directory-listing: 'false', follow-symlink: 'false', case-sensitive: 'true', safe-symlink-paths: '[]']
2020-07-10 08:56:38,643 INFO  [org.jboss.as.connector.subsystems.datasources] (ServerService Thread Pool -- 33) WFLYJCA0004: Deploying JDBC-compliant driver class oracle.jdbc.OracleDriver (version 12.1)
2020-07-10 08:56:38,645 INFO  [org.jboss.as.connector.deployers.jdbc] (MSC service thread 1-1) WFLYJCA0018: Started Driver service with driver-name = Oracle12c
2020-07-10 08:56:38,651 INFO  [org.jboss.as.connector.subsystems.datasources] (ServerService Thread Pool -- 33) WFLYJCA0005: Deploying non-JDBC-compliant driver class org.postgresql.Driver (version 9.3)
2020-07-10 08:56:38,654 INFO  [org.jboss.as.connector.deployers.jdbc] (MSC service thread 1-5) WFLYJCA0018: Started Driver service with driver-name = Postgres
2020-07-10 08:56:38,673 INFO  [org.jboss.as.ejb3] (MSC service thread 1-4) WFLYEJB0481: Strict pool slsb-strict-max-pool is using a max instance size of 192 (per class), which is derived from thread worker pool sizing.
2020-07-10 08:56:38,673 INFO  [org.jboss.as.ejb3] (MSC service thread 1-6) WFLYEJB0482: Strict pool mdb-strict-max-pool is using a max instance size of 48 (per class), which is derived from the number of CPUs on this host.
2020-07-10 08:56:39,011 INFO  [org.jboss.remoting] (MSC service thread 1-3) JBoss Remoting version 4.0.18.Final-redhat-1
2020-07-10 08:56:39,027 INFO  [org.wildfly.extension.undertow] (MSC service thread 1-2) WFLYUT0012: Started server default-server.
2020-07-10 08:56:39,029 INFO  [org.wildfly.extension.undertow] (MSC service thread 1-2) WFLYUT0018: Host default-host starting
2020-07-10 08:56:39,076 INFO  [org.wildfly.extension.undertow] (MSC service thread 1-8) WFLYUT0006: Undertow HTTP listener default listening on 127.0.0.1:8080
2020-07-10 08:56:39,139 INFO  [org.jboss.as.server.deployment.scanner] (MSC service thread 1-4) WFLYDS0013: Started FileSystemDeploymentService for directory D:\JOB\Dokumentasi\Research Azure\jboss-azure-template\bin\jboss-eap-7.0\standalone\deployments
2020-07-10 08:56:39,158 INFO  [org.jboss.as.connector.subsystems.datasources] (MSC service thread 1-8) WFLYJCA0001: Bound data source [java:jboss/datasources/ExampleDS]
2020-07-10 08:56:39,237 INFO  [org.infinispan.factories.GlobalComponentRegistry] (MSC service thread 1-6) ISPN000128: Infinispan version: Infinispan 'Mahou' 8.1.2.Final-redhat-1
2020-07-10 08:56:39,247 INFO  [org.jboss.ws.common.management] (MSC service thread 1-1) JBWS022052: Starting JBossWS 5.1.3.SP1-redhat-1 (Apache CXF 3.1.4.redhat-1) 
2020-07-10 08:56:39,339 INFO  [org.jboss.as] (Controller Boot Thread) WFLYSRV0060: Http management interface listening on http://127.0.0.1:9990/management
2020-07-10 08:56:39,340 INFO  [org.jboss.as] (Controller Boot Thread) WFLYSRV0051: Admin console listening on http://127.0.0.1:9990
2020-07-10 08:56:39,341 INFO  [org.jboss.as] (Controller Boot Thread) WFLYSRV0025: JBoss EAP 7.0.0.GA (WildFly Core 2.1.2.Final-redhat-1) started in 2731ms - Started 269 of 555 services (371 services are lazy, passive or on-demand)
2020-07-10 08:57:07,140 INFO  [org.jboss.as.server] (Thread-2) WFLYSRV0220: Server shutdown has been requested.
2020-07-10 08:57:07,157 INFO  [org.jboss.as.connector.deployers.jdbc] (MSC service thread 1-2) WFLYJCA0019: Stopped Driver service with driver-name = Postgres
2020-07-10 08:57:07,158 INFO  [org.jboss.as.connector.deployers.jdbc] (MSC service thread 1-7) WFLYJCA0019: Stopped Driver service with driver-name = Oracle12c
2020-07-10 08:57:07,163 INFO  [org.jboss.as.connector.subsystems.datasources] (MSC service thread 1-8) WFLYJCA0010: Unbound data source [java:jboss/datasources/ExampleDS]
2020-07-10 08:57:07,174 INFO  [org.wildfly.extension.undertow] (MSC service thread 1-6) WFLYUT0019: Host default-host stopping
2020-07-10 08:57:07,182 INFO  [org.wildfly.extension.undertow] (MSC service thread 1-6) WFLYUT0008: Undertow HTTP listener default suspending
2020-07-10 08:57:07,182 INFO  [org.jboss.as.connector.deployers.jdbc] (MSC service thread 1-5) WFLYJCA0019: Stopped Driver service with driver-name = h2
2020-07-10 08:57:07,185 INFO  [org.wildfly.extension.undertow] (MSC service thread 1-6) WFLYUT0007: Undertow HTTP listener default stopped, was bound to 127.0.0.1:8080
2020-07-10 08:57:07,197 INFO  [org.wildfly.extension.undertow] (MSC service thread 1-4) WFLYUT0004: Undertow 1.3.21.Final-redhat-1 stopping
2020-07-10 08:57:07,210 INFO  [org.jboss.as] (MSC service thread 1-2) WFLYSRV0050: JBoss EAP 7.0.0.GA (WildFly Core 2.1.2.Final-redhat-1) stopped in 55ms
